[2019-07-15 05:37:07] local.ERROR: View [mainApp] not found. {"exception":"[object] (InvalidArgumentException(code: 0): View [mainApp] not found. at /home1/uzn7axe3/ecommerce.erjaan.com/vendor/laravel/framework/src/Illuminate/View/FileViewFinder.php:137)
[stacktrace]
#0 /home1/uzn7axe3/ecommerce.erjaan.com/vendor/laravel/framework/src/Illuminate/View/FileViewFinder.php(79): Illuminate\\View\\FileViewFinder->findInPaths('mainApp', Array)
#1 /home1/uzn7axe3/ecommerce.erjaan.com/vendor/laravel/framework/src/Illuminate/View/Factory.php(130): Illuminate\\View\\FileViewFinder->find('mainApp')
#2 /home1/uzn7axe3/ecommerce.erjaan.com/vendor/laravel/framework/src/Illuminate/Routing/ViewController.php(37): Illuminate\\View\\Factory->make('mainApp', Array)
#3 [internal function]: Illuminate\\Routing\\ViewController->__invoke('mainApp', Array)
#4 /home1/uzn7axe3/ecommerce.erjaan.com/vendor/laravel/framework/src/Illuminate/Routing/Controller.php(54): call_user_func_array(Array, Array)
#5 /home1/uzn7axe3/ecommerce.erjaan.com/vendor/laravel/framework/src/Illuminate/Routing/ControllerDispatcher.php(45): Illuminate\\Routing\\Controller->callAction('__invoke', Array)
#6 /home1/uzn7axe3/ecommerce.erjaan.com/vendor/laravel/framework/src/Illuminate/Routing/Route.php(219): Illuminate\\Routing\\ControllerDispatcher->dispatch(Object(Illuminate\\Routing\\Route), Object(Illuminate\\Routing\\ViewController), '__invoke')
#7 /home1/uzn7axe3/ecommerce.erjaan.com/vendor/laravel/framework/src/Illuminate/Routing/Route.php(176): Illuminate\\Routing\\Route->runController()
#8 /home1/uzn7axe3/ecommerce.erjaan.com/vendor/laravel/framework/src/Illuminate/Routing/Router.php(682): Illuminate\\Routing\\Route->run()
#9 /home1/uzn7axe3/ecommerce.erjaan.com/vendor/laravel/framework/src/Illuminate/Routing/Pipeline.php(30): Illuminate\\Routing\\Router->Illuminate\\Routing\\{closure}(Object(Illuminate\\Http\\Request))
#10 /home1/uzn7axe3/ecommerce.erjaan.com/app/Http/Middleware/Localization.php(21): Illuminate\\Routing\\Pipeline->Illuminate\\Routing\\{closure}(Object(Illuminate\\Http\\Request))
#11 /home1/uzn7axe3/ecommerce.erjaan.com/vendor/laravel/framework/src/Illuminate/Pipeline/Pipeline.php(163): App\\Http\\Middleware\\Localization->handle(Object(Illuminate\\Http\\Request), Object(Closure))
#12 /home1/uzn7axe3/ecommerce.erjaan.com/vendor/laravel/framework/src/Illuminate/Routing/Pipeline.php(53): Illuminate\\Pipeline\\Pipeline->Illuminate\\Pipeline\\{closure}(Object(Illuminate\\Http\\Request))
#13 /home1/uzn7axe3/ecommerce.erjaan.com/vendor/laravel/framework/src/Illuminate/Routing/Middleware/SubstituteBindings.php(41): Illuminate\\Routing\\Pipeline->Illuminate\\Routing\\{closure}(Object(Illuminate\\Http\\Request))
#14 /home1/uzn7axe3/ecommerce.erjaan.com/vendor/laravel/framework/src/Illuminate/Pipeline/Pipeline.php(163): Illuminate\\Routing\\Middleware\\SubstituteBindings->handle(Object(Illuminate\\Http\\Request), Object(Closure))
#15 /home1/uzn7axe3/ecommerce.erjaan.com/vendor/laravel/framework/src/Illuminate/Routing/Pipeline.php(53): Illuminate\\Pipeline\\Pipeline->Illuminate\\Pipeline\\{closure}(Object(Illuminate\\Http\\Request))
#16 /home1/uzn7axe3/ecommerce.erjaan.com/vendor/laravel/framework/src/Illuminate/Foundation/Http/Middleware/VerifyCsrfToken.php(75): Illuminate\\Routing\\Pipeline->Illuminate\\Routing\\{closure}(Object(Illuminate\\Http\\Request))
#17 /home1/uzn7axe3/ecommerce.erjaan.com/vendor/laravel/framework/src/Illuminate/Pipeline/Pipeline.php(163): Illuminate\\Foundation\\Http\\Middleware\\VerifyCsrfToken->handle(Object(Illuminate\\Http\\Request), Object(Closure))
#18 /home1/uzn7axe3/ecommerce.erjaan.com/vendor/laravel/framework/src/Illuminate/Routing/Pipeline.php(53): Illuminate\\Pipeline\\Pipeline->Illuminate\\Pipeline\\{closure}(Object(Illuminate\\Http\\Request))
#19 /home1/uzn7axe3/ecommerce.erjaan.com/vendor/laravel/framework/src/Illuminate/View/Middleware/ShareErrorsFromSession.php(49): Illuminate\\Routing\\Pipeline->Illuminate\\Routing\\{closure}(Object(Illuminate\\Http\\Request))
#20 /home1/uzn7axe3/ecommerce.erjaan.com/vendor/laravel/framework/src/Illuminate/Pipeline/Pipeline.php(163): Illuminate\\View\\Middleware\\ShareErrorsFromSession->handle(Object(Illuminate\\Http\\Request), Object(Closure))
#21 /home1/uzn7axe3/ecommerce.erjaan.com/vendor/laravel/framework/src/Illuminate/Routing/Pipeline.php(53): Illuminate\\Pipeline\\Pipeline->Illuminate\\Pipeline\\{closure}(Object(Illuminate\\Http\\Request))
#22 /home1/uzn7axe3/ecommerce.erjaan.com/vendor/laravel/framework/src/Illuminate/Session/Middleware/StartSession.php(63): Illuminate\\Routing\\Pipeline->Illuminate\\Routing\\{closure}(Object(Illuminate\\Http\\Request))
#23 /home1/uzn7axe3/ecommerce.erjaan.com/vendor/laravel/framework/src/Illuminate/Pipeline/Pipeline.php(163): Illuminate\\Session\\Middleware\\StartSession->handle(Object(Illuminate\\Http\\Request), Object(Closure))
#24 /home1/uzn7axe3/ecommerce.erjaan.com/vendor/laravel/framework/src/Illuminate/Routing/Pipeline.php(53): Illuminate\\Pipeline\\Pipeline->Illuminate\\Pipeline\\{closure}(Object(Illuminate\\Http\\Request))
#25 /home1/uzn7axe3/ecommerce.erjaan.com/vendor/laravel/framework/src/Illuminate/Cookie/Middleware/AddQueuedCookiesToResponse.php(37): Illuminate\\Routing\\Pipeline->Illuminate\\Routing\\{closure}(Object(Illuminate\\Http\\Request))
#26 /home1/uzn7axe3/ecommerce.erjaan.com/vendor/laravel/framework/src/Illuminate/Pipeline/Pipeline.php(163): Illuminate\\Cookie\\Middleware\\AddQueuedCookiesToResponse->handle(Object(Illuminate\\Http\\Request), Object(Closure))
#27 /home1/uzn7axe3/ecommerce.erjaan.com/vendor/laravel/framework/src/Illuminate/Routing/Pipeline.php(53): Illuminate\\Pipeline\\Pipeline->Illuminate\\Pipeline\\{closure}(Object(Illuminate\\Http\\Request))
#28 /home1/uzn7axe3/ecommerce.erjaan.com/vendor/laravel/framework/src/Illuminate/Cookie/Middleware/EncryptCookies.php(66): Illuminate\\Routing\\Pipeline->Illuminate\\Routing\\{closure}(Object(Illuminate\\Http\\Request))
#29 /home1/uzn7axe3/ecommerce.erjaan.com/vendor/laravel/framework/src/Illuminate/Pipeline/Pipeline.php(163): Illuminate\\Cookie\\Middleware\\EncryptCookies->handle(Object(Illuminate\\Http\\Request), Object(Closure))
#30 /home1/uzn7axe3/ecommerce.erjaan.com/vendor/laravel/framework/src/Illuminate/Routing/Pipeline.php(53): Illuminate\\Pipeline\\Pipeline->Illuminate\\Pipeline\\{closure}(Object(Illuminate\\Http\\Request))
#31 /home1/uzn7axe3/ecommerce.erjaan.com/vendor/laravel/framework/src/Illuminate/Pipeline/Pipeline.php(104): Illuminate\\Routing\\Pipeline->Illuminate\\Routing\\{closure}(Object(Illuminate\\Http\\Request))
#32 /home1/uzn7axe3/ecommerce.erjaan.com/vendor/laravel/framework/src/Illuminate/Routing/Router.php(684): Illuminate\\Pipeline\\Pipeline->then(Object(Closure))
#33 /home1/uzn7axe3/ecommerce.erjaan.com/vendor/laravel/framework/src/Illuminate/Routing/Router.php(659): Illuminate\\Routing\\Router->runRouteWithinStack(Object(Illuminate\\Routing\\Route), Object(Illuminate\\Http\\Request))
#34 /home1/uzn7axe3/ecommerce.erjaan.com/vendor/laravel/framework/src/Illuminate/Routing/Router.php(625): Illuminate\\Routing\\Router->runRoute(Object(Illuminate\\Http\\Request), Object(Illuminate\\Routing\\Route))
#35 /home1/uzn7axe3/ecommerce.erjaan.com/vendor/laravel/framework/src/Illuminate/Routing/Router.php(614): Illuminate\\Routing\\Router->dispatchToRoute(Object(Illuminate\\Http\\Request))
#36 /home1/uzn7axe3/ecommerce.erjaan.com/vendor/laravel/framework/src/Illuminate/Foundation/Http/Kernel.php(176): Illuminate\\Routing\\Router->dispatch(Object(Illuminate\\Http\\Request))
#37 /home1/uzn7axe3/ecommerce.erjaan.com/vendor/laravel/framework/src/Illuminate/Routing/Pipeline.php(30): Illuminate\\Foundation\\Http\\Kernel->Illuminate\\Foundation\\Http\\{closure}(Object(Illuminate\\Http\\Request))
#38 /home1/uzn7axe3/ecommerce.erjaan.com/vendor/fideloper/proxy/src/TrustProxies.php(57): Illuminate\\Routing\\Pipeline->Illuminate\\Routing\\{closure}(Object(Illuminate\\Http\\Request))
#39 /home1/uzn7axe3/ecommerce.erjaan.com/vendor/laravel/framework/src/Illuminate/Pipeline/Pipeline.php(163): Fideloper\\Proxy\\TrustProxies->handle(Object(Illuminate\\Http\\Request), Object(Closure))
#40 /home1/uzn7axe3/ecommerce.erjaan.com/vendor/laravel/framework/src/Illuminate/Routing/Pipeline.php(53): Illuminate\\Pipeline\\Pipeline->Illuminate\\Pipeline\\{closure}(Object(Illuminate\\Http\\Request))
#41 /home1/uzn7axe3/ecommerce.erjaan.com/vendor/laravel/framework/src/Illuminate/Foundation/Http/Middleware/TransformsRequest.php(31): Illuminate\\Routing\\Pipeline->Illuminate\\Routing\\{closure}(Object(Illuminate\\Http\\Request))
#42 /home1/uzn7axe3/ecommerce.erjaan.com/vendor/laravel/framework/src/Illuminate/Pipeline/Pipeline.php(163): Illuminate\\Foundation\\Http\\Middleware\\TransformsRequest->handle(Object(Illuminate\\Http\\Request), Object(Closure))
#43 /home1/uzn7axe3/ecommerce.erjaan.com/vendor/laravel/framework/src/Illuminate/Routing/Pipeline.php(53): Illuminate\\Pipeline\\Pipeline->Illuminate\\Pipeline\\{closure}(Object(Illuminate\\Http\\Request))
#44 /home1/uzn7axe3/ecommerce.erjaan.com/vendor/laravel/framework/src/Illuminate/Foundation/Http/Middleware/TransformsRequest.php(31): Illuminate\\Routing\\Pipeline->Illuminate\\Routing\\{closure}(Object(Illuminate\\Http\\Request))
#45 /home1/uzn7axe3/ecommerce.erjaan.com/vendor/laravel/framework/src/Illuminate/Pipeline/Pipeline.php(163): Illuminate\\Foundation\\Http\\Middleware\\TransformsRequest->handle(Object(Illuminate\\Http\\Request), Object(Closure))
#46 /home1/uzn7axe3/ecommerce.erjaan.com/vendor/laravel/framework/src/Illuminate/Routing/Pipeline.php(53): Illuminate\\Pipeline\\Pipeline->Illuminate\\Pipeline\\{closure}(Object(Illuminate\\Http\\Request))
#47 /home1/uzn7axe3/ecommerce.erjaan.com/vendor/laravel/framework/src/Illuminate/Foundation/Http/Middleware/ValidatePostSize.php(27): Illuminate\\Routing\\Pipeline->Illuminate\\Routing\\{closure}(Object(Illuminate\\Http\\Request))
#48 /home1/uzn7axe3/ecommerce.erjaan.com/vendor/laravel/framework/src/Illuminate/Pipeline/Pipeline.php(163): Illuminate\\Foundation\\Http\\Middleware\\ValidatePostSize->handle(Object(Illuminate\\Http\\Request), Object(Closure))
#49 /home1/uzn7axe3/ecommerce.erjaan.com/vendor/laravel/framework/src/Illuminate/Routing/Pipeline.php(53): Illuminate\\Pipeline\\Pipeline->Illuminate\\Pipeline\\{closure}(Object(Illuminate\\Http\\Request))
#50 /home1/uzn7axe3/ecommerce.erjaan.com/vendor/laravel/framework/src/Illuminate/Foundation/Http/Middleware/CheckForMaintenanceMode.php(62): Illuminate\\Routing\\Pipeline->Illuminate\\Routing\\{closure}(Object(Illuminate\\Http\\Request))
#51 /home1/uzn7axe3/ecommerce.erjaan.com/vendor/laravel/framework/src/Illuminate/Pipeline/Pipeline.php(163): Illuminate\\Foundation\\Http\\Middleware\\CheckForMaintenanceMode->handle(Object(Illuminate\\Http\\Request), Object(Closure))
#52 /home1/uzn7axe3/ecommerce.erjaan.com/vendor/laravel/framework/src/Illuminate/Routing/Pipeline.php(53): Illuminate\\Pipeline\\Pipeline->Illuminate\\Pipeline\\{closure}(Object(Illuminate\\Http\\Request))
#53 /home1/uzn7axe3/ecommerce.erjaan.com/vendor/laravel/framework/src/Illuminate/Pipeline/Pipeline.php(104): Illuminate\\Routing\\Pipeline->Illuminate\\Routing\\{closure}(Object(Illuminate\\Http\\Request))
#54 /home1/uzn7axe3/ecommerce.erjaan.com/vendor/laravel/framework/src/Illuminate/Foundation/Http/Kernel.php(151): Illuminate\\Pipeline\\Pipeline->then(Object(Closure))
#55 /home1/uzn7axe3/ecommerce.erjaan.com/vendor/laravel/framework/src/Illuminate/Foundation/Http/Kernel.php(116): Illuminate\\Foundation\\Http\\Kernel->sendRequestThroughRouter(Object(Illuminate\\Http\\Request))
#56 /home1/uzn7axe3/ecommerce.erjaan.com/public/index.php(55): Illuminate\\Foundation\\Http\\Kernel->handle(Object(Illuminate\\Http\\Request))
#57 {main}
"} 
[2019-07-15 05:37:07] local.ERROR: file_put_contents(D:\xampp\htdocs\ecommerce\storage\framework/sessions/21gHEZJ1uQTBX4h27GsxeCQoIGv7hQsj4l0AFhqH): failed to open stream: No such file or directory {"exception":"[object] (ErrorException(code: 0): file_put_contents(D:\\xampp\\htdocs\\ecommerce\\storage\\framework/sessions/21gHEZJ1uQTBX4h27GsxeCQoIGv7hQsj4l0AFhqH): failed to open stream: No such file or directory at /home1/uzn7axe3/ecommerce.erjaan.com/vendor/laravel/framework/src/Illuminate/Filesystem/Filesystem.php:122)
[stacktrace]
#0 [internal function]: Illuminate\\Foundation\\Bootstrap\\HandleExceptions->handleError(2, 'file_put_conten...', '/home1/uzn7axe3...', 122, Array)
#1 /home1/uzn7axe3/ecommerce.erjaan.com/vendor/laravel/framework/src/Illuminate/Filesystem/Filesystem.php(122): file_put_contents('D:\\\\xampp\\\\htdocs...', 'a:3:{s:6:\"_toke...', 2)
#2 /home1/uzn7axe3/ecommerce.erjaan.com/vendor/laravel/framework/src/Illuminate/Session/FileSessionHandler.php(83): Illuminate\\Filesystem\\Filesystem->put('D:\\\\xampp\\\\htdocs...', 'a:3:{s:6:\"_toke...', true)
#3 /home1/uzn7axe3/ecommerce.erjaan.com/vendor/laravel/framework/src/Illuminate/Session/Store.php(129): Illuminate\\Session\\FileSessionHandler->write('21gHEZJ1uQTBX4h...', 'a:3:{s:6:\"_toke...')
#4 /home1/uzn7axe3/ecommerce.erjaan.com/vendor/laravel/framework/src/Illuminate/Session/Middleware/StartSession.php(87): Illuminate\\Session\\Store->save()
#5 /home1/uzn7axe3/ecommerce.erjaan.com/vendor/laravel/framework/src/Illuminate/Foundation/Http/Kernel.php(218): Illuminate\\Session\\Middleware\\StartSession->terminate(Object(Illuminate\\Http\\Request), Object(Illuminate\\Http\\Response))
#6 /home1/uzn7axe3/ecommerce.erjaan.com/vendor/laravel/framework/src/Illuminate/Foundation/Http/Kernel.php(189): Illuminate\\Foundation\\Http\\Kernel->terminateMiddleware(Object(Illuminate\\Http\\Request), Object(Illuminate\\Http\\Response))
#7 /home1/uzn7axe3/ecommerce.erjaan.com/public/index.php(60): Illuminate\\Foundation\\Http\\Kernel->terminate(Object(Illuminate\\Http\\Request), Object(Illuminate\\Http\\Response))
#8 {main}
"} 
[2019-07-15 05:39:27] local.ERROR: View [mainApp] not found. {"exception":"[object] (InvalidArgumentException(code: 0): View [mainApp] not found. at /home1/uzn7axe3/ecommerce.erjaan.com/vendor/laravel/framework/src/Illuminate/View/FileViewFinder.php:137)
[stacktrace]
#0 /home1/uzn7axe3/ecommerce.erjaan.com/vendor/laravel/framework/src/Illuminate/View/FileViewFinder.php(79): Illuminate\\View\\FileViewFinder->findInPaths('mainApp', Array)
#1 /home1/uzn7axe3/ecommerce.erjaan.com/vendor/laravel/framework/src/Illuminate/View/Factory.php(130): Illuminate\\View\\FileViewFinder->find('mainApp')
#2 /home1/uzn7axe3/ecommerce.erjaan.com/vendor/laravel/framework/src/Illuminate/Routing/ViewController.php(37): Illuminate\\View\\Factory->make('mainApp', Array)
#3 [internal function]: Illuminate\\Routing\\ViewController->__invoke('mainApp', Array)
#4 /home1/uzn7axe3/ecommerce.erjaan.com/vendor/laravel/framework/src/Illuminate/Routing/Controller.php(54): call_user_func_array(Array, Array)
#5 /home1/uzn7axe3/ecommerce.erjaan.com/vendor/laravel/framework/src/Illuminate/Routing/ControllerDispatcher.php(45): Illuminate\\Routing\\Controller->callAction('__invoke', Array)
#6 /home1/uzn7axe3/ecommerce.erjaan.com/vendor/laravel/framework/src/Illuminate/Routing/Route.php(219): Illuminate\\Routing\\ControllerDispatcher->dispatch(Object(Illuminate\\Routing\\Route), Object(Illuminate\\Routing\\ViewController), '__invoke')
#7 /home1/uzn7axe3/ecommerce.erjaan.com/vendor/laravel/framework/src/Illuminate/Routing/Route.php(176): Illuminate\\Routing\\Route->runController()
#8 /home1/uzn7axe3/ecommerce.erjaan.com/vendor/laravel/framework/src/Illuminate/Routing/Router.php(682): Illuminate\\Routing\\Route->run()
#9 /home1/uzn7axe3/ecommerce.erjaan.com/vendor/laravel/framework/src/Illuminate/Routing/Pipeline.php(30): Illuminate\\Routing\\Router->Illuminate\\Routing\\{closure}(Object(Illuminate\\Http\\Request))
#10 /home1/uzn7axe3/ecommerce.erjaan.com/app/Http/Middleware/Localization.php(21): Illuminate\\Routing\\Pipeline->Illuminate\\Routing\\{closure}(Object(Illuminate\\Http\\Request))
#11 /home1/uzn7axe3/ecommerce.erjaan.com/vendor/laravel/framework/src/Illuminate/Pipeline/Pipeline.php(163): App\\Http\\Middleware\\Localization->handle(Object(Illuminate\\Http\\Request), Object(Closure))
#12 /home1/uzn7axe3/ecommerce.erjaan.com/vendor/laravel/framework/src/Illuminate/Routing/Pipeline.php(53): Illuminate\\Pipeline\\Pipeline->Illuminate\\Pipeline\\{closure}(Object(Illuminate\\Http\\Request))
#13 /home1/uzn7axe3/ecommerce.erjaan.com/vendor/laravel/framework/src/Illuminate/Routing/Middleware/SubstituteBindings.php(41): Illuminate\\Routing\\Pipeline->Illuminate\\Routing\\{closure}(Object(Illuminate\\Http\\Request))
#14 /home1/uzn7axe3/ecommerce.erjaan.com/vendor/laravel/framework/src/Illuminate/Pipeline/Pipeline.php(163): Illuminate\\Routing\\Middleware\\SubstituteBindings->handle(Object(Illuminate\\Http\\Request), Object(Closure))
#15 /home1/uzn7axe3/ecommerce.erjaan.com/vendor/laravel/framework/src/Illuminate/Routing/Pipeline.php(53): Illuminate\\Pipeline\\Pipeline->Illuminate\\Pipeline\\{closure}(Object(Illuminate\\Http\\Request))
#16 /home1/uzn7axe3/ecommerce.erjaan.com/vendor/laravel/framework/src/Illuminate/Foundation/Http/Middleware/VerifyCsrfToken.php(75): Illuminate\\Routing\\Pipeline->Illuminate\\Routing\\{closure}(Object(Illuminate\\Http\\Request))
#17 /home1/uzn7axe3/ecommerce.erjaan.com/vendor/laravel/framework/src/Illuminate/Pipeline/Pipeline.php(163): Illuminate\\Foundation\\Http\\Middleware\\VerifyCsrfToken->handle(Object(Illuminate\\Http\\Request), Object(Closure))
#18 /home1/uzn7axe3/ecommerce.erjaan.com/vendor/laravel/framework/src/Illuminate/Routing/Pipeline.php(53): Illuminate\\Pipeline\\Pipeline->Illuminate\\Pipeline\\{closure}(Object(Illuminate\\Http\\Request))
#19 /home1/uzn7axe3/ecommerce.erjaan.com/vendor/laravel/framework/src/Illuminate/View/Middleware/ShareErrorsFromSession.php(49): Illuminate\\Routing\\Pipeline->Illuminate\\Routing\\{closure}(Object(Illuminate\\Http\\Request))
#20 /home1/uzn7axe3/ecommerce.erjaan.com/vendor/laravel/framework/src/Illuminate/Pipeline/Pipeline.php(163): Illuminate\\View\\Middleware\\ShareErrorsFromSession->handle(Object(Illuminate\\Http\\Request), Object(Closure))
#21 /home1/uzn7axe3/ecommerce.erjaan.com/vendor/laravel/framework/src/Illuminate/Routing/Pipeline.php(53): Illuminate\\Pipeline\\Pipeline->Illuminate\\Pipeline\\{closure}(Object(Illuminate\\Http\\Request))
#22 /home1/uzn7axe3/ecommerce.erjaan.com/vendor/laravel/framework/src/Illuminate/Session/Middleware/StartSession.php(63): Illuminate\\Routing\\Pipeline->Illuminate\\Routing\\{closure}(Object(Illuminate\\Http\\Request))
#23 /home1/uzn7axe3/ecommerce.erjaan.com/vendor/laravel/framework/src/Illuminate/Pipeline/Pipeline.php(163): Illuminate\\Session\\Middleware\\StartSession->handle(Object(Illuminate\\Http\\Request), Object(Closure))
#24 /home1/uzn7axe3/ecommerce.erjaan.com/vendor/laravel/framework/src/Illuminate/Routing/Pipeline.php(53): Illuminate\\Pipeline\\Pipeline->Illuminate\\Pipeline\\{closure}(Object(Illuminate\\Http\\Request))
#25 /home1/uzn7axe3/ecommerce.erjaan.com/vendor/laravel/framework/src/Illuminate/Cookie/Middleware/AddQueuedCookiesToResponse.php(37): Illuminate\\Routing\\Pipeline->Illuminate\\Routing\\{closure}(Object(Illuminate\\Http\\Request))
#26 /home1/uzn7axe3/ecommerce.erjaan.com/vendor/laravel/framework/src/Illuminate/Pipeline/Pipeline.php(163): Illuminate\\Cookie\\Middleware\\AddQueuedCookiesToResponse->handle(Object(Illuminate\\Http\\Request), Object(Closure))
#27 /home1/uzn7axe3/ecommerce.erjaan.com/vendor/laravel/framework/src/Illuminate/Routing/Pipeline.php(53): Illuminate\\Pipeline\\Pipeline->Illuminate\\Pipeline\\{closure}(Object(Illuminate\\Http\\Request))
#28 /home1/uzn7axe3/ecommerce.erjaan.com/vendor/laravel/framework/src/Illuminate/Cookie/Middleware/EncryptCookies.php(66): Illuminate\\Routing\\Pipeline->Illuminate\\Routing\\{closure}(Object(Illuminate\\Http\\Request))
#29 /home1/uzn7axe3/ecommerce.erjaan.com/vendor/laravel/framework/src/Illuminate/Pipeline/Pipeline.php(163): Illuminate\\Cookie\\Middleware\\EncryptCookies->handle(Object(Illuminate\\Http\\Request), Object(Closure))
#30 /home1/uzn7axe3/ecommerce.erjaan.com/vendor/laravel/framework/src/Illuminate/Routing/Pipeline.php(53): Illuminate\\Pipeline\\Pipeline->Illuminate\\Pipeline\\{closure}(Object(Illuminate\\Http\\Request))
#31 /home1/uzn7axe3/ecommerce.erjaan.com/vendor/laravel/framework/src/Illuminate/Pipeline/Pipeline.php(104): Illuminate\\Routing\\Pipeline->Illuminate\\Routing\\{closure}(Object(Illuminate\\Http\\Request))
#32 /home1/uzn7axe3/ecommerce.erjaan.com/vendor/laravel/framework/src/Illuminate/Routing/Router.php(684): Illuminate\\Pipeline\\Pipeline->then(Object(Closure))
#33 /home1/uzn7axe3/ecommerce.erjaan.com/vendor/laravel/framework/src/Illuminate/Routing/Router.php(659): Illuminate\\Routing\\Router->runRouteWithinStack(Object(Illuminate\\Routing\\Route), Object(Illuminate\\Http\\Request))
#34 /home1/uzn7axe3/ecommerce.erjaan.com/vendor/laravel/framework/src/Illuminate/Routing/Router.php(625): Illuminate\\Routing\\Router->runRoute(Object(Illuminate\\Http\\Request), Object(Illuminate\\Routing\\Route))
#35 /home1/uzn7axe3/ecommerce.erjaan.com/vendor/laravel/framework/src/Illuminate/Routing/Router.php(614): Illuminate\\Routing\\Router->dispatchToRoute(Object(Illuminate\\Http\\Request))
#36 /home1/uzn7axe3/ecommerce.erjaan.com/vendor/laravel/framework/src/Illuminate/Foundation/Http/Kernel.php(176): Illuminate\\Routing\\Router->dispatch(Object(Illuminate\\Http\\Request))
#37 /home1/uzn7axe3/ecommerce.erjaan.com/vendor/laravel/framework/src/Illuminate/Routing/Pipeline.php(30): Illuminate\\Foundation\\Http\\Kernel->Illuminate\\Foundation\\Http\\{closure}(Object(Illuminate\\Http\\Request))
#38 /home1/uzn7axe3/ecommerce.erjaan.com/vendor/fideloper/proxy/src/TrustProxies.php(57): Illuminate\\Routing\\Pipeline->Illuminate\\Routing\\{closure}(Object(Illuminate\\Http\\Request))
#39 /home1/uzn7axe3/ecommerce.erjaan.com/vendor/laravel/framework/src/Illuminate/Pipeline/Pipeline.php(163): Fideloper\\Proxy\\TrustProxies->handle(Object(Illuminate\\Http\\Request), Object(Closure))
#40 /home1/uzn7axe3/ecommerce.erjaan.com/vendor/laravel/framework/src/Illuminate/Routing/Pipeline.php(53): Illuminate\\Pipeline\\Pipeline->Illuminate\\Pipeline\\{closure}(Object(Illuminate\\Http\\Request))
#41 /home1/uzn7axe3/ecommerce.erjaan.com/vendor/laravel/framework/src/Illuminate/Foundation/Http/Middleware/TransformsRequest.php(31): Illuminate\\Routing\\Pipeline->Illuminate\\Routing\\{closure}(Object(Illuminate\\Http\\Request))
#42 /home1/uzn7axe3/ecommerce.erjaan.com/vendor/laravel/framework/src/Illuminate/Pipeline/Pipeline.php(163): Illuminate\\Foundation\\Http\\Middleware\\TransformsRequest->handle(Object(Illuminate\\Http\\Request), Object(Closure))
#43 /home1/uzn7axe3/ecommerce.erjaan.com/vendor/laravel/framework/src/Illuminate/Routing/Pipeline.php(53): Illuminate\\Pipeline\\Pipeline->Illuminate\\Pipeline\\{closure}(Object(Illuminate\\Http\\Request))
#44 /home1/uzn7axe3/ecommerce.erjaan.com/vendor/laravel/framework/src/Illuminate/Foundation/Http/Middleware/TransformsRequest.php(31): Illuminate\\Routing\\Pipeline->Illuminate\\Routing\\{closure}(Object(Illuminate\\Http\\Request))
#45 /home1/uzn7axe3/ecommerce.erjaan.com/vendor/laravel/framework/src/Illuminate/Pipeline/Pipeline.php(163): Illuminate\\Foundation\\Http\\Middleware\\TransformsRequest->handle(Object(Illuminate\\Http\\Request), Object(Closure))
#46 /home1/uzn7axe3/ecommerce.erjaan.com/vendor/laravel/framework/src/Illuminate/Routing/Pipeline.php(53): Illuminate\\Pipeline\\Pipeline->Illuminate\\Pipeline\\{closure}(Object(Illuminate\\Http\\Request))
#47 /home1/uzn7axe3/ecommerce.erjaan.com/vendor/laravel/framework/src/Illuminate/Foundation/Http/Middleware/ValidatePostSize.php(27): Illuminate\\Routing\\Pipeline->Illuminate\\Routing\\{closure}(Object(Illuminate\\Http\\Request))
#48 /home1/uzn7axe3/ecommerce.erjaan.com/vendor/laravel/framework/src/Illuminate/Pipeline/Pipeline.php(163): Illuminate\\Foundation\\Http\\Middleware\\ValidatePostSize->handle(Object(Illuminate\\Http\\Request), Object(Closure))
#49 /home1/uzn7axe3/ecommerce.erjaan.com/vendor/laravel/framework/src/Illuminate/Routing/Pipeline.php(53): Illuminate\\Pipeline\\Pipeline->Illuminate\\Pipeline\\{closure}(Object(Illuminate\\Http\\Request))
#50 /home1/uzn7axe3/ecommerce.erjaan.com/vendor/laravel/framework/src/Illuminate/Foundation/Http/Middleware/CheckForMaintenanceMode.php(62): Illuminate\\Routing\\Pipeline->Illuminate\\Routing\\{closure}(Object(Illuminate\\Http\\Request))
#51 /home1/uzn7axe3/ecommerce.erjaan.com/vendor/laravel/framework/src/Illuminate/Pipeline/Pipeline.php(163): Illuminate\\Foundation\\Http\\Middleware\\CheckForMaintenanceMode->handle(Object(Illuminate\\Http\\Request), Object(Closure))
#52 /home1/uzn7axe3/ecommerce.erjaan.com/vendor/laravel/framework/src/Illuminate/Routing/Pipeline.php(53): Illuminate\\Pipeline\\Pipeline->Illuminate\\Pipeline\\{closure}(Object(Illuminate\\Http\\Request))
#53 /home1/uzn7axe3/ecommerce.erjaan.com/vendor/laravel/framework/src/Illuminate/Pipeline/Pipeline.php(104): Illuminate\\Routing\\Pipeline->Illuminate\\Routing\\{closure}(Object(Illuminate\\Http\\Request))
#54 /home1/uzn7axe3/ecommerce.erjaan.com/vendor/laravel/framework/src/Illuminate/Foundation/Http/Kernel.php(151): Illuminate\\Pipeline\\Pipeline->then(Object(Closure))
#55 /home1/uzn7axe3/ecommerce.erjaan.com/vendor/laravel/framework/src/Illuminate/Foundation/Http/Kernel.php(116): Illuminate\\Foundation\\Http\\Kernel->sendRequestThroughRouter(Object(Illuminate\\Http\\Request))
#56 /home1/uzn7axe3/ecommerce.erjaan.com/public/index.php(55): Illuminate\\Foundation\\Http\\Kernel->handle(Object(Illuminate\\Http\\Request))
#57 {main}
"} 
[2019-07-15 05:39:27] local.ERROR: file_put_contents(D:\xampp\htdocs\ecommerce\storage\framework/sessions/21gHEZJ1uQTBX4h27GsxeCQoIGv7hQsj4l0AFhqH): failed to open stream: No such file or directory {"exception":"[object] (ErrorException(code: 0): file_put_contents(D:\\xampp\\htdocs\\ecommerce\\storage\\framework/sessions/21gHEZJ1uQTBX4h27GsxeCQoIGv7hQsj4l0AFhqH): failed to open stream: No such file or directory at /home1/uzn7axe3/ecommerce.erjaan.com/vendor/laravel/framework/src/Illuminate/Filesystem/Filesystem.php:122)
[stacktrace]
#0 [internal function]: Illuminate\\Foundation\\Bootstrap\\HandleExceptions->handleError(2, 'file_put_conten...', '/home1/uzn7axe3...', 122, Array)
#1 /home1/uzn7axe3/ecommerce.erjaan.com/vendor/laravel/framework/src/Illuminate/Filesystem/Filesystem.php(122): file_put_contents('D:\\\\xampp\\\\htdocs...', 'a:3:{s:6:\"_toke...', 2)
#2 /home1/uzn7axe3/ecommerce.erjaan.com/vendor/laravel/framework/src/Illuminate/Session/FileSessionHandler.php(83): Illuminate\\Filesystem\\Filesystem->put('D:\\\\xampp\\\\htdocs...', 'a:3:{s:6:\"_toke...', true)
#3 /home1/uzn7axe3/ecommerce.erjaan.com/vendor/laravel/framework/src/Illuminate/Session/Store.php(129): Illuminate\\Session\\FileSessionHandler->write('21gHEZJ1uQTBX4h...', 'a:3:{s:6:\"_toke...')
#4 /home1/uzn7axe3/ecommerce.erjaan.com/vendor/laravel/framework/src/Illuminate/Session/Middleware/StartSession.php(87): Illuminate\\Session\\Store->save()
#5 /home1/uzn7axe3/ecommerce.erjaan.com/vendor/laravel/framework/src/Illuminate/Foundation/Http/Kernel.php(218): Illuminate\\Session\\Middleware\\StartSession->terminate(Object(Illuminate\\Http\\Request), Object(Illuminate\\Http\\Response))
#6 /home1/uzn7axe3/ecommerce.erjaan.com/vendor/laravel/framework/src/Illuminate/Foundation/Http/Kernel.php(189): Illuminate\\Foundation\\Http\\Kernel->terminateMiddleware(Object(Illuminate\\Http\\Request), Object(Illuminate\\Http\\Response))
#7 /home1/uzn7axe3/ecommerce.erjaan.com/public/index.php(60): Illuminate\\Foundation\\Http\\Kernel->terminate(Object(Illuminate\\Http\\Request), Object(Illuminate\\Http\\Response))
#8 {main}
"} 
